<?xml version="1.0" encoding="utf-8"?><testsuites name="pytest tests"><testsuite name="pytest" errors="0" failures="0" skipped="0" tests="19" time="13.302" timestamp="2026-04-16T04:29:56.860761+00:00" hostname="agent-env-e8d3801f-6005-4cc7-b3d6-699c8b549cd9"><testcase classname="tests.test_backend_apis.TestHealthCheck" name="test_root_endpoint" time="0.149" /><testcase classname="tests.test_backend_apis.TestAuthEndpoints" name="test_register_new_user" time="0.384" /><testcase classname="tests.test_backend_apis.TestAuthEndpoints" name="test_register_duplicate_email" time="0.110" /><testcase classname="tests.test_backend_apis.TestAuthEndpoints" name="test_login_success" time="0.329" /><testcase classname="tests.test_backend_apis.TestAuthEndpoints" name="test_login_wrong_password" time="0.407" /><testcase classname="tests.test_backend_apis.TestAuthEndpoints" name="test_login_nonexistent_user" time="0.142" /><testcase classname="tests.test_backend_apis.TestAuthEndpoints" name="test_get_me_with_token" time="0.372" /><testcase classname="tests.test_backend_apis.TestAuthEndpoints" name="test_get_me_without_token" time="0.103" /><testcase classname="tests.test_backend_apis.TestGoldPricesEndpoint" name="test_get_gold_prices_live" time="0.399" /><testcase classname="tests.test_backend_apis.TestCurrencyRatesEndpoint" name="test_get_currency_rates" time="0.115" /><testcase classname="tests.test_backend_apis.TestAIChatEndpoint" name="test_ai_chat_with_auth" time="4.055" /><testcase classname="tests.test_backend_apis.TestAIChatEndpoint" name="test_ai_chat_without_auth" time="4.278" /><testcase classname="tests.test_backend_apis.TestPrayerTimesEndpoint" name="test_get_prayer_times_cairo" time="0.429" /><testcase classname="tests.test_backend_apis.TestForgotPasswordFlow" name="test_forgot_password_send_otp" time="0.155" /><testcase classname="tests.test_backend_apis.TestForgotPasswordFlow" name="test_verify_otp_valid" time="0.194" /><testcase classname="tests.test_backend_apis.TestForgotPasswordFlow" name="test_verify_otp_invalid" time="0.126" /><testcase classname="tests.test_backend_apis.TestForgotPasswordFlow" name="test_reset_password_complete_flow" time="0.976" /><testcase classname="tests.test_backend_apis.TestAvatarEndpoint" name="test_update_avatar_with_auth" time="0.386" /><testcase classname="tests.test_backend_apis.TestAvatarEndpoint" name="test_update_avatar_without_auth" time="0.124" /></testsuite></testsuites>