<?xml version="1.0" encoding="utf-8"?><testsuites name="pytest tests"><testsuite name="pytest" errors="0" failures="0" skipped="0" tests="19" time="16.089" timestamp="2026-04-16T04:52:05.962995+00:00" hostname="agent-env-e8d3801f-6005-4cc7-b3d6-699c8b549cd9"><testcase classname="tests.test_backend_apis.TestHealthCheck" name="test_root_endpoint" time="0.280" /><testcase classname="tests.test_backend_apis.TestAuthEndpoints" name="test_register_new_user" time="0.372" /><testcase classname="tests.test_backend_apis.TestAuthEndpoints" name="test_register_duplicate_email" time="0.123" /><testcase classname="tests.test_backend_apis.TestAuthEndpoints" name="test_login_success" time="0.368" /><testcase classname="tests.test_backend_apis.TestAuthEndpoints" name="test_login_wrong_password" time="0.367" /><testcase classname="tests.test_backend_apis.TestAuthEndpoints" name="test_login_nonexistent_user" time="0.104" /><testcase classname="tests.test_backend_apis.TestAuthEndpoints" name="test_get_me_with_token" time="0.368" /><testcase classname="tests.test_backend_apis.TestAuthEndpoints" name="test_get_me_without_token" time="0.113" /><testcase classname="tests.test_backend_apis.TestGoldPricesEndpoint" name="test_get_gold_prices_live" time="0.549" /><testcase classname="tests.test_backend_apis.TestCurrencyRatesEndpoint" name="test_get_currency_rates" time="0.102" /><testcase classname="tests.test_backend_apis.TestAIChatEndpoint" name="test_ai_chat_with_auth" time="4.295" /><testcase classname="tests.test_backend_apis.TestAIChatEndpoint" name="test_ai_chat_without_auth" time="5.808" /><testcase classname="tests.test_backend_apis.TestPrayerTimesEndpoint" name="test_get_prayer_times_cairo" time="0.443" /><testcase classname="tests.test_backend_apis.TestForgotPasswordFlow" name="test_forgot_password_send_otp" time="0.414" /><testcase classname="tests.test_backend_apis.TestForgotPasswordFlow" name="test_verify_otp_valid" time="0.361" /><testcase classname="tests.test_backend_apis.TestForgotPasswordFlow" name="test_verify_otp_invalid" time="0.118" /><testcase classname="tests.test_backend_apis.TestForgotPasswordFlow" name="test_reset_password_complete_flow" time="1.336" /><testcase classname="tests.test_backend_apis.TestAvatarEndpoint" name="test_update_avatar_with_auth" time="0.423" /><testcase classname="tests.test_backend_apis.TestAvatarEndpoint" name="test_update_avatar_without_auth" time="0.107" /></testsuite></testsuites>